{"meta": {"format": 3, "version": "7.6.12", "timestamp": "2026-01-04T10:43:11.903839", "branch_coverage": true, "show_contexts": false}, "files": {"src/netlistx/__init__.py": {"executed_lines": [1, 3, 5, 9, 11, 12, 16], "summary": {"covered_lines": 6, "num_statements": 6, "percent_covered": 100.0, "percent_covered_display": "100", "missing_lines": 0, "excluded_lines": 4, "num_branches": 0, "num_partial_branches": 0, "covered_branches": 0, "missing_branches": 0}, "missing_lines": [], "excluded_lines": [5, 7, 13, 14], "executed_branches": [], "missing_branches": [], "functions": {"": {"executed_lines": [1, 3, 5, 9, 11, 12, 16], "summary": {"covered_lines": 6, "num_statements": 6, "percent_covered": 100.0, "percent_covered_display": "100", "missing_lines": 0, "excluded_lines": 4, "num_branches": 0, "num_partial_branches": 0, "covered_branches": 0, "missing_branches": 0}, "missing_lines": [], "excluded_lines": [5, 7, 13, 14], "executed_branches": [], "missing_branches": []}}, "classes": {"": {"executed_lines": [1, 3, 5, 9, 11, 12, 16], "summary": {"covered_lines": 6, "num_statements": 6, "percent_covered": 100.0, "percent_covered_display": "100", "missing_lines": 0, "excluded_lines": 4, "num_branches": 0, "num_partial_branches": 0, "covered_branches": 0, "missing_branches": 0}, "missing_lines": [], "excluded_lines": [5, 7, 13, 14], "executed_branches": [], "missing_branches": []}}}, "src/netlistx/cover.py": {"executed_lines": [1, 29, 30, 31, 44, 47, 92, 93, 94, 95, 96, 97, 98, 99, 100, 101, 102, 103, 104, 107, 154, 155, 157, 158, 159, 160, 161, 163, 166, 218, 219, 221, 222, 223, 224, 225, 227, 230, 250, 251, 252, 256, 257, 258, 259, 260, 261, 263, 264, 265, 266, 267, 268, 269, 272, 319, 320, 322, 323, 324, 326, 327, 328, 329, 330, 331, 333, 336, 350, 351, 352, 353, 354, 355, 356, 357, 358, 359, 360, 361, 362, 363, 364, 365, 366, 367, 368, 369, 371, 374, 421, 422, 424, 425, 426, 427, 428, 429, 431, 432, 433, 434, 435, 436, 438], "summary": {"covered_lines": 104, "num_statements": 106, "percent_covered": 97.43589743589743, "percent_covered_display": "97", "missing_lines": 2, "excluded_lines": 0, "num_branches": 50, "num_partial_branches": 2, "covered_branches": 48, "missing_branches": 2}, "missing_lines": [253, 254], "excluded_lines": [], "executed_branches": [[95, 96], [95, 103], [101, 95], [101, 102], [154, 155], [154, 157], [158, -157], [158, 159], [159, 160], [159, 161], [218, 219], [222, -221], [222, 223], [223, 224], [223, 225], [252, 256], [259, 260], [259, 263], [263, 264], [263, 268], [319, 320], [319, 322], [323, -322], [323, 324], [329, 330], [329, 331], [353, -336], [353, 354], [354, 355], [354, 356], [358, 353], [358, 359], [361, 358], [361, 362], [362, 363], [362, 364], [364, 365], [364, 368], [368, 369], [368, 371], [421, 422], [421, 424], [425, -424], [425, 426], [428, 425], [428, 429], [434, 435], [434, 436]], "missing_branches": [[218, 221], [252, 253]], "functions": {"pd_cover": {"executed_lines": [92, 93, 94, 95, 96, 97, 98, 99, 100, 101, 102, 103, 104], "summary": {"covered_lines": 13, "num_statements": 13, "percent_covered": 100.0, "percent_covered_display": "100", "missing_lines": 0, "excluded_lines": 0, "num_branches": 4, "num_partial_branches": 0, "covered_branches": 4, "missing_branches": 0}, "missing_lines": [], "excluded_lines": [], "executed_branches": [[95, 96], [95, 103], [101, 95], [101, 102]], "missing_branches": []}, "min_vertex_cover": {"executed_lines": [154, 155, 157, 163], "summary": {"covered_lines": 4, "num_statements": 4, "percent_covered": 100.0, "percent_covered_display": "100", "missing_lines": 0, "excluded_lines": 0, "num_branches": 2, "num_partial_branches": 0, "covered_branches": 2, "missing_branches": 0}, "missing_lines": [], "excluded_lines": [], "executed_branches": [[154, 155], [154, 157]], "missing_branches": []}, "min_vertex_cover.violate_graph": {"executed_lines": [158, 159, 160, 161], "summary": {"covered_lines": 4, "num_statements": 4, "percent_covered": 100.0, "percent_covered_display": "100", "missing_lines": 0, "excluded_lines": 0, "num_branches": 4, "num_partial_branches": 0, "covered_branches": 4, "missing_branches": 0}, "missing_lines": [], "excluded_lines": [], "executed_branches": [[158, -157], [158, 159], [159, 160], [159, 161]], "missing_branches": []}, "min_hyper_vertex_cover": {"executed_lines": [218, 219, 221, 227], "summary": {"covered_lines": 4, "num_statements": 4, "percent_covered": 83.33333333333333, "percent_covered_display": "83", "missing_lines": 0, "excluded_lines": 0, "num_branches": 2, "num_partial_branches": 1, "covered_branches": 1, "missing_branches": 1}, "missing_lines": [], "excluded_lines": [], "executed_branches": [[218, 219]], "missing_branches": [[218, 221]]}, "min_hyper_vertex_cover.violate_netlist": {"executed_lines": [222, 223, 224, 225], "summary": {"covered_lines": 4, "num_statements": 4, "percent_covered": 100.0, "percent_covered_display": "100", "missing_lines": 0, "excluded_lines": 0, "num_branches": 4, "num_partial_branches": 0, "covered_branches": 4, "missing_branches": 0}, "missing_lines": [], "excluded_lines": [], "executed_branches": [[222, -221], [222, 223], [223, 224], [223, 225]], "missing_branches": []}, "_construct_cycle": {"executed_lines": [250, 251, 252, 256, 257, 258, 259, 260, 261, 263, 264, 265, 266, 267, 268, 269], "summary": {"covered_lines": 16, "num_statements": 18, "percent_covered": 87.5, "percent_covered_display": "88", "missing_lines": 2, "excluded_lines": 0, "num_branches": 6, "num_partial_branches": 1, "covered_branches": 5, "missing_branches": 1}, "missing_lines": [253, 254], "excluded_lines": [], "executed_branches": [[252, 256], [259, 260], [259, 263], [263, 264], [263, 268]], "missing_branches": [[252, 253]]}, "min_cycle_cover": {"executed_lines": [319, 320, 322, 326, 333], "summary": {"covered_lines": 5, "num_statements": 5, "percent_covered": 100.0, "percent_covered_display": "100", "missing_lines": 0, "excluded_lines": 0, "num_branches": 2, "num_partial_branches": 0, "covered_branches": 2, "missing_branches": 0}, "missing_lines": [], "excluded_lines": [], "executed_branches": [[319, 320], [319, 322]], "missing_branches": []}, "min_cycle_cover.find_cycle": {"executed_lines": [323, 324], "summary": {"covered_lines": 2, "num_statements": 2, "percent_covered": 100.0, "percent_covered_display": "100", "missing_lines": 0, "excluded_lines": 0, "num_branches": 2, "num_partial_branches": 0, "covered_branches": 2, "missing_branches": 0}, "missing_lines": [], "excluded_lines": [], "executed_branches": [[323, -322], [323, 324]], "missing_branches": []}, "min_cycle_cover.violate": {"executed_lines": [327, 328, 329, 330, 331], "summary": {"covered_lines": 5, "num_statements": 5, "percent_covered": 100.0, "percent_covered_display": "100", "missing_lines": 0, "excluded_lines": 0, "num_branches": 2, "num_partial_branches": 0, "covered_branches": 2, "missing_branches": 0}, "missing_lines": [], "excluded_lines": [], "executed_branches": [[329, 330], [329, 331]], "missing_branches": []}, "_generic_bfs_cycle": {"executed_lines": [350, 351, 352, 353, 354, 355, 356, 357, 358, 359, 360, 361, 362, 363, 364, 365, 366, 367, 368, 369, 371], "summary": {"covered_lines": 21, "num_statements": 21, "percent_covered": 100.0, "percent_covered_display": "100", "missing_lines": 0, "excluded_lines": 0, "num_branches": 14, "num_partial_branches": 0, "covered_branches": 14, "missing_branches": 0}, "missing_lines": [], "excluded_lines": [], "executed_branches": [[353, -336], [353, 354], [354, 355], [354, 356], [358, 353], [358, 359], [361, 358], [361, 362], [362, 363], [362, 364], [364, 365], [364, 368], [368, 369], [368, 371]], "missing_branches": []}, "min_odd_cycle_cover": {"executed_lines": [421, 422, 424, 431, 438], "summary": {"covered_lines": 5, "num_statements": 5, "percent_covered": 100.0, "percent_covered_display": "100", "missing_lines": 0, "excluded_lines": 0, "num_branches": 2, "num_partial_branches": 0, "covered_branches": 2, "missing_branches": 0}, "missing_lines": [], "excluded_lines": [], "executed_branches": [[421, 422], [421, 424]], "missing_branches": []}, "min_odd_cycle_cover.find_odd_cycle": {"executed_lines": [425, 426, 427, 428, 429], "summary": {"covered_lines": 5, "num_statements": 5, "percent_covered": 100.0, "percent_covered_display": "100", "missing_lines": 0, "excluded_lines": 0, "num_branches": 4, "num_partial_branches": 0, "covered_branches": 4, "missing_branches": 0}, "missing_lines": [], "excluded_lines": [], "executed_branches": [[425, -424], [425, 426], [428, 425], [428, 429]], "missing_branches": []}, "min_odd_cycle_cover.violate": {"executed_lines": [432, 433, 434, 435, 436], "summary": {"covered_lines": 5, "num_statements": 5, "percent_covered": 100.0, "percent_covered_display": "100", "missing_lines": 0, "excluded_lines": 0, "num_branches": 2, "num_partial_branches": 0, "covered_branches": 2, "missing_branches": 0}, "missing_lines": [], "excluded_lines": [], "executed_branches": [[434, 435], [434, 436]], "missing_branches": []}, "": {"executed_lines": [1, 29, 30, 31, 44, 47, 107, 166, 230, 272, 336, 374], "summary": {"covered_lines": 11, "num_statements": 11, "percent_covered": 100.0, "percent_covered_display": "100", "missing_lines": 0, "excluded_lines": 0, "num_branches": 0, "num_partial_branches": 0, "covered_branches": 0, "missing_branches": 0}, "missing_lines": [], "excluded_lines": [], "executed_branches": [], "missing_branches": []}}, "classes": {"": {"executed_lines": [1, 29, 30, 31, 44, 47, 92, 93, 94, 95, 96, 97, 98, 99, 100, 101, 102, 103, 104, 107, 154, 155, 157, 158, 159, 160, 161, 163, 166, 218, 219, 221, 222, 223, 224, 225, 227, 230, 250, 251, 252, 256, 257, 258, 259, 260, 261, 263, 264, 265, 266, 267, 268, 269, 272, 319, 320, 322, 323, 324, 326, 327, 328, 329, 330, 331, 333, 336, 350, 351, 352, 353, 354, 355, 356, 357, 358, 359, 360, 361, 362, 363, 364, 365, 366, 367, 368, 369, 371, 374, 421, 422, 424, 425, 426, 427, 428, 429, 431, 432, 433, 434, 435, 436, 438], "summary": {"covered_lines": 104, "num_statements": 106, "percent_covered": 97.43589743589743, "percent_covered_display": "97", "missing_lines": 2, "excluded_lines": 0, "num_branches": 50, "num_partial_branches": 2, "covered_branches": 48, "missing_branches": 2}, "missing_lines": [253, 254], "excluded_lines": [], "executed_branches": [[95, 96], [95, 103], [101, 95], [101, 102], [154, 155], [154, 157], [158, -157], [158, 159], [159, 160], [159, 161], [218, 219], [222, -221], [222, 223], [223, 224], [223, 225], [252, 256], [259, 260], [259, 263], [263, 264], [263, 268], [319, 320], [319, 322], [323, -322], [323, 324], [329, 330], [329, 331], [353, -336], [353, 354], [354, 355], [354, 356], [358, 353], [358, 359], [361, 358], [361, 362], [362, 363], [362, 364], [364, 365], [364, 368], [368, 369], [368, 371], [421, 422], [421, 424], [425, -424], [425, 426], [428, 425], [428, 429], [434, 435], [434, 436]], "missing_branches": [[218, 221], [252, 253]]}}}, "src/netlistx/cover_ai.py": {"executed_lines": [1, 2, 3, 16, 19, 25, 26, 27, 30, 31, 32, 34, 35, 36, 38, 39, 40, 44, 45, 46, 48, 49, 50, 52, 53, 55, 56, 57, 60, 63, 64, 66, 67, 68, 69, 70, 72, 75, 90, 93, 94, 95, 99, 100, 101, 102, 105, 106, 107, 108, 109, 110, 111, 114, 122, 123, 124, 125, 127, 128, 129, 131, 132, 133, 134, 135, 136, 137, 138, 139, 140, 141, 142, 143, 144, 145, 146, 147, 148, 149, 150, 151, 154, 157, 158, 160, 161, 164, 165, 166, 167, 168, 171, 174, 177, 178, 180, 181, 182, 183, 184, 185, 187, 188, 189, 190, 191, 192, 194], "summary": {"covered_lines": 109, "num_statements": 123, "percent_covered": 84.12698412698413, "percent_covered_display": "84", "missing_lines": 14, "excluded_lines": 0, "num_branches": 66, "num_partial_branches": 10, "covered_branches": 50, "missing_branches": 16}, "missing_lines": [78, 79, 81, 82, 83, 84, 85, 87, 96, 97, 103, 104, 162, 169], "excluded_lines": [], "executed_branches": [[30, 31], [30, 44], [34, 35], [39, 30], [39, 40], [44, 45], [44, 55], [48, 49], [52, 53], [63, 64], [67, -66], [67, 68], [68, 69], [68, 70], [95, 99], [102, 105], [105, 106], [105, 110], [123, 124], [123, 131], [124, 123], [124, 125], [127, 123], [127, 128], [128, 127], [128, 129], [133, -114], [133, 134], [134, 135], [134, 136], [138, 133], [138, 139], [141, 138], [141, 142], [143, 144], [143, 145], [145, 146], [145, 149], [149, 150], [149, 151], [157, 158], [161, -160], [167, 168], [177, 178], [181, -180], [181, 182], [184, 181], [184, 185], [190, 191], [190, 192]], "missing_branches": [[34, 38], [48, 52], [52, 44], [63, 66], [78, 79], [78, 81], [82, -81], [82, 83], [83, 84], [83, 85], [95, 96], [102, 103], [157, 160], [161, 162], [167, 169], [177, 180]], "functions": {"pd_cover": {"executed_lines": [25, 26, 27, 30, 31, 32, 34, 35, 36, 38, 39, 40, 44, 45, 46, 48, 49, 50, 52, 53, 55, 56, 57], "summary": {"covered_lines": 23, "num_statements": 23, "percent_covered": 91.42857142857143, "percent_covered_display": "91", "missing_lines": 0, "excluded_lines": 0, "num_branches": 12, "num_partial_branches": 3, "covered_branches": 9, "missing_branches": 3}, "missing_lines": [], "excluded_lines": [], "executed_branches": [[30, 31], [30, 44], [34, 35], [39, 30], [39, 40], [44, 45], [44, 55], [48, 49], [52, 53]], "missing_branches": [[34, 38], [48, 52], [52, 44]]}, "min_vertex_cover": {"executed_lines": [63, 64, 66, 72], "summary": {"covered_lines": 4, "num_statements": 4, "percent_covered": 83.33333333333333, "percent_covered_display": "83", "missing_lines": 0, "excluded_lines": 0, "num_branches": 2, "num_partial_branches": 1, "covered_branches": 1, "missing_branches": 1}, "missing_lines": [], "excluded_lines": [], "executed_branches": [[63, 64]], "missing_branches": [[63, 66]]}, "min_vertex_cover.violate_graph": {"executed_lines": [67, 68, 69, 70], "summary": {"covered_lines": 4, "num_statements": 4, "percent_covered": 100.0, "percent_covered_display": "100", "missing_lines": 0, "excluded_lines": 0, "num_branches": 4, "num_partial_branches": 0, "covered_branches": 4, "missing_branches": 0}, "missing_lines": [], "excluded_lines": [], "executed_branches": [[67, -66], [67, 68], [68, 69], [68, 70]], "missing_branches": []}, "min_hyper_vertex_cover": {"executed_lines": [], "summary": {"covered_lines": 0, "num_statements": 4, "percent_covered": 0.0, "percent_covered_display": "0", "missing_lines": 4, "excluded_lines": 0, "num_branches": 2, "num_partial_branches": 0, "covered_branches": 0, "missing_branches": 2}, "missing_lines": [78, 79, 81, 87], "excluded_lines": [], "executed_branches": [], "missing_branches": [[78, 79], [78, 81]]}, "min_hyper_vertex_cover.violate_netlist": {"executed_lines": [], "summary": {"covered_lines": 0, "num_statements": 4, "percent_covered": 0.0, "percent_covered_display": "0", "missing_lines": 4, "excluded_lines": 0, "num_branches": 4, "num_partial_branches": 0, "covered_branches": 0, "missing_branches": 4}, "missing_lines": [82, 83, 84, 85], "excluded_lines": [], "executed_branches": [], "missing_branches": [[82, -81], [82, 83], [83, 84], [83, 85]]}, "_construct_cycle": {"executed_lines": [93, 94, 95, 99, 100, 101, 102, 105, 106, 107, 108, 109, 110, 111], "summary": {"covered_lines": 14, "num_statements": 18, "percent_covered": 75.0, "percent_covered_display": "75", "missing_lines": 4, "excluded_lines": 0, "num_branches": 6, "num_partial_branches": 2, "covered_branches": 4, "missing_branches": 2}, "missing_lines": [96, 97, 103, 104], "excluded_lines": [], "executed_branches": [[95, 99], [102, 105], [105, 106], [105, 110]], "missing_branches": [[95, 96], [102, 103]]}, "_generic_bfs_cycle": {"executed_lines": [122, 123, 124, 125, 127, 128, 129, 131, 132, 133, 134, 135, 136, 137, 138, 139, 140, 141, 142, 143, 144, 145, 146, 147, 148, 149, 150, 151], "summary": {"covered_lines": 28, "num_statements": 28, "percent_covered": 100.0, "percent_covered_display": "100", "missing_lines": 0, "excluded_lines": 0, "num_branches": 22, "num_partial_branches": 0, "covered_branches": 22, "missing_branches": 0}, "missing_lines": [], "excluded_lines": [], "executed_branches": [[123, 124], [123, 131], [124, 123], [124, 125], [127, 123], [127, 128], [128, 127], [128, 129], [133, -114], [133, 134], [134, 135], [134, 136], [138, 133], [138, 139], [141, 138], [141, 142], [143, 144], [143, 145], [145, 146], [145, 149], [149, 150], [149, 151]], "missing_branches": []}, "min_cycle_cover": {"executed_lines": [157, 158, 160, 164, 171], "summary": {"covered_lines": 5, "num_statements": 5, "percent_covered": 85.71428571428571, "percent_covered_display": "86", "missing_lines": 0, "excluded_lines": 0, "num_branches": 2, "num_partial_branches": 1, "covered_branches": 1, "missing_branches": 1}, "missing_lines": [], "excluded_lines": [], "executed_branches": [[157, 158]], "missing_branches": [[157, 160]]}, "min_cycle_cover.find_cycle": {"executed_lines": [161], "summary": {"covered_lines": 1, "num_statements": 2, "percent_covered": 50.0, "percent_covered_display": "50", "missing_lines": 1, "excluded_lines": 0, "num_branches": 2, "num_partial_branches": 1, "covered_branches": 1, "missing_branches": 1}, "missing_lines": [162], "excluded_lines": [], "executed_branches": [[161, -160]], "missing_branches": [[161, 162]]}, "min_cycle_cover.violate": {"executed_lines": [165, 166, 167, 168], "summary": {"covered_lines": 4, "num_statements": 5, "percent_covered": 71.42857142857143, "percent_covered_display": "71", "missing_lines": 1, "excluded_lines": 0, "num_branches": 2, "num_partial_branches": 1, "covered_branches": 1, "missing_branches": 1}, "missing_lines": [169], "excluded_lines": [], "executed_branches": [[167, 168]], "missing_branches": [[167, 169]]}, "min_odd_cycle_cover": {"executed_lines": [177, 178, 180, 187, 194], "summary": {"covered_lines": 5, "num_statements": 5, "percent_covered": 85.71428571428571, "percent_covered_display": "86", "missing_lines": 0, "excluded_lines": 0, "num_branches": 2, "num_partial_branches": 1, "covered_branches": 1, "missing_branches": 1}, "missing_lines": [], "excluded_lines": [], "executed_branches": [[177, 178]], "missing_branches": [[177, 180]]}, "min_odd_cycle_cover.find_odd_cycle": {"executed_lines": [181, 182, 183, 184, 185], "summary": {"covered_lines": 5, "num_statements": 5, "percent_covered": 100.0, "percent_covered_display": "100", "missing_lines": 0, "excluded_lines": 0, "num_branches": 4, "num_partial_branches": 0, "covered_branches": 4, "missing_branches": 0}, "missing_lines": [], "excluded_lines": [], "executed_branches": [[181, -180], [181, 182], [184, 181], [184, 185]], "missing_branches": []}, "min_odd_cycle_cover.violate": {"executed_lines": [188, 189, 190, 191, 192], "summary": {"covered_lines": 5, "num_statements": 5, "percent_covered": 100.0, "percent_covered_display": "100", "missing_lines": 0, "excluded_lines": 0, "num_branches": 2, "num_partial_branches": 0, "covered_branches": 2, "missing_branches": 0}, "missing_lines": [], "excluded_lines": [], "executed_branches": [[190, 191], [190, 192]], "missing_branches": []}, "": {"executed_lines": [1, 2, 3, 16, 19, 60, 75, 90, 114, 154, 174], "summary": {"covered_lines": 11, "num_statements": 11, "percent_covered": 100.0, "percent_covered_display": "100", "missing_lines": 0, "excluded_lines": 0, "num_branches": 0, "num_partial_branches": 0, "covered_branches": 0, "missing_branches": 0}, "missing_lines": [], "excluded_lines": [], "executed_branches": [], "missing_branches": []}}, "classes": {"": {"executed_lines": [1, 2, 3, 16, 19, 25, 26, 27, 30, 31, 32, 34, 35, 36, 38, 39, 40, 44, 45, 46, 48, 49, 50, 52, 53, 55, 56, 57, 60, 63, 64, 66, 67, 68, 69, 70, 72, 75, 90, 93, 94, 95, 99, 100, 101, 102, 105, 106, 107, 108, 109, 110, 111, 114, 122, 123, 124, 125, 127, 128, 129, 131, 132, 133, 134, 135, 136, 137, 138, 139, 140, 141, 142, 143, 144, 145, 146, 147, 148, 149, 150, 151, 154, 157, 158, 160, 161, 164, 165, 166, 167, 168, 171, 174, 177, 178, 180, 181, 182, 183, 184, 185, 187, 188, 189, 190, 191, 192, 194], "summary": {"covered_lines": 109, "num_statements": 123, "percent_covered": 84.12698412698413, "percent_covered_display": "84", "missing_lines": 14, "excluded_lines": 0, "num_branches": 66, "num_partial_branches": 10, "covered_branches": 50, "missing_branches": 16}, "missing_lines": [78, 79, 81, 82, 83, 84, 85, 87, 96, 97, 103, 104, 162, 169], "excluded_lines": [], "executed_branches": [[30, 31], [30, 44], [34, 35], [39, 30], [39, 40], [44, 45], [44, 55], [48, 49], [52, 53], [63, 64], [67, -66], [67, 68], [68, 69], [68, 70], [95, 99], [102, 105], [105, 106], [105, 110], [123, 124], [123, 131], [124, 123], [124, 125], [127, 123], [127, 128], [128, 127], [128, 129], [133, -114], [133, 134], [134, 135], [134, 136], [138, 133], [138, 139], [141, 138], [141, 142], [143, 144], [143, 145], [145, 146], [145, 149], [149, 150], [149, 151], [157, 158], [161, -160], [167, 168], [177, 178], [181, -180], [181, 182], [184, 181], [184, 185], [190, 191], [190, 192]], "missing_branches": [[34, 38], [48, 52], [52, 44], [63, 66], [78, 79], [78, 81], [82, -81], [82, 83], [83, 84], [83, 85], [95, 96], [102, 103], [157, 160], [161, 162], [167, 169], [177, 180]]}}}, "src/netlistx/graph_algo.py": {"executed_lines": [1, 42, 43, 46, 100, 101, 103, 104, 105, 107, 108, 109, 110, 111, 112, 113, 114, 115, 116, 118, 119, 122, 188, 189, 190, 191, 193, 194, 195, 196, 198, 199, 200, 201, 202, 203, 204, 206, 207, 208, 209, 210, 211, 212, 213, 214, 215, 216, 217, 218, 219, 220, 221, 222, 224, 225], "summary": {"covered_lines": 55, "num_statements": 55, "percent_covered": 100.0, "percent_covered_display": "100", "missing_lines": 0, "excluded_lines": 0, "num_branches": 30, "num_partial_branches": 0, "covered_branches": 30, "missing_branches": 0}, "missing_lines": [], "excluded_lines": [], "executed_branches": [[100, 101], [100, 103], [107, 108], [107, 118], [108, 109], [108, 110], [110, 111], [110, 112], [188, 189], [188, 190], [190, 191], [190, 193], [195, -193], [195, 196], [201, 202], [201, 224], [202, 203], [202, 204], [204, 206], [204, 207], [209, 210], [209, 215], [210, 211], [210, 212], [212, 209], [212, 213], [219, 220], [219, 221], [221, 201], [221, 222]], "missing_branches": [], "functions": {"min_vertex_cover_fast": {"executed_lines": [100, 101, 103, 104, 105, 107, 108, 109, 110, 111, 112, 113, 114, 115, 116, 118, 119], "summary": {"covered_lines": 17, "num_statements": 17, "percent_covered": 100.0, "percent_covered_display": "100", "missing_lines": 0, "excluded_lines": 0, "num_branches": 8, "num_partial_branches": 0, "covered_branches": 8, "missing_branches": 0}, "missing_lines": [], "excluded_lines": [], "executed_branches": [[100, 101], [100, 103], [107, 108], [107, 118], [108, 109], [108, 110], [110, 111], [110, 112]], "missing_branches": []}, "min_maximal_independant_set": {"executed_lines": [188, 189, 190, 191, 193, 198, 199, 200, 201, 202, 203, 204, 206, 207, 208, 209, 210, 211, 212, 213, 214, 215, 216, 217, 218, 219, 220, 221, 222, 224, 225], "summary": {"covered_lines": 31, "num_statements": 31, "percent_covered": 100.0, "percent_covered_display": "100", "missing_lines": 0, "excluded_lines": 0, "num_branches": 20, "num_partial_branches": 0, "covered_branches": 20, "missing_branches": 0}, "missing_lines": [], "excluded_lines": [], "executed_branches": [[188, 189], [188, 190], [190, 191], [190, 193], [201, 202], [201, 224], [202, 203], [202, 204], [204, 206], [204, 207], [209, 210], [209, 215], [210, 211], [210, 212], [212, 209], [212, 213], [219, 220], [219, 221], [221, 201], [221, 222]], "missing_branches": []}, "min_maximal_independant_set.coverset": {"executed_lines": [194, 195, 196], "summary": {"covered_lines": 3, "num_statements": 3, "percent_covered": 100.0, "percent_covered_display": "100", "missing_lines": 0, "excluded_lines": 0, "num_branches": 2, "num_partial_branches": 0, "covered_branches": 2, "missing_branches": 0}, "missing_lines": [], "excluded_lines": [], "executed_branches": [[195, -193], [195, 196]], "missing_branches": []}, "": {"executed_lines": [1, 42, 43, 46, 122], "summary": {"covered_lines": 4, "num_statements": 4, "percent_covered": 100.0, "percent_covered_display": "100", "missing_lines": 0, "excluded_lines": 0, "num_branches": 0, "num_partial_branches": 0, "covered_branches": 0, "missing_branches": 0}, "missing_lines": [], "excluded_lines": [], "executed_branches": [], "missing_branches": []}}, "classes": {"": {"executed_lines": [1, 42, 43, 46, 100, 101, 103, 104, 105, 107, 108, 109, 110, 111, 112, 113, 114, 115, 116, 118, 119, 122, 188, 189, 190, 191, 193, 194, 195, 196, 198, 199, 200, 201, 202, 203, 204, 206, 207, 208, 209, 210, 211, 212, 213, 214, 215, 216, 217, 218, 219, 220, 221, 222, 224, 225], "summary": {"covered_lines": 55, "num_statements": 55, "percent_covered": 100.0, "percent_covered_display": "100", "missing_lines": 0, "excluded_lines": 0, "num_branches": 30, "num_partial_branches": 0, "covered_branches": 30, "missing_branches": 0}, "missing_lines": [], "excluded_lines": [], "executed_branches": [[100, 101], [100, 103], [107, 108], [107, 118], [108, 109], [108, 110], [110, 111], [110, 112], [188, 189], [188, 190], [190, 191], [190, 193], [195, -193], [195, 196], [201, 202], [201, 224], [202, 203], [202, 204], [204, 206], [204, 207], [209, 210], [209, 215], [210, 211], [210, 212], [212, 209], [212, 213], [219, 220], [219, 221], [221, 201], [221, 222]], "missing_branches": []}}}, "src/netlistx/netlist.py": {"executed_lines": [1, 23, 24, 25, 27, 28, 29, 30, 31, 35, 36, 50, 52, 54, 56, 57, 62, 63, 76, 78, 82, 86, 87, 89, 111, 112, 113, 115, 147, 148, 149, 151, 152, 154, 157, 158, 170, 173, 178, 180, 185, 187, 192, 194, 199, 201, 206, 208, 216, 218, 221, 222, 223, 228, 229, 230, 232, 246, 256, 258, 263, 266, 275, 276, 279, 282, 283, 284, 285, 286, 289, 293, 296, 297, 298, 299, 300, 301, 303, 311, 312, 313, 314, 315, 316, 317, 318, 321, 322, 323, 324, 325, 326, 328, 336, 337, 338, 339, 340, 341, 342, 343, 346, 354, 355, 372, 381, 384, 386, 404, 405, 406, 407, 408, 409, 410, 411, 414, 420, 421, 423, 424, 435, 436, 437, 439, 441, 443, 444, 445, 446, 449, 471, 472, 473, 474, 475, 476, 479, 495, 498, 515, 516, 519, 521, 524, 525, 526, 527, 528, 529, 530, 531, 533, 534, 535, 536, 537, 540], "summary": {"covered_lines": 156, "num_statements": 163, "percent_covered": 94.35028248587571, "percent_covered_display": "94", "missing_lines": 7, "excluded_lines": 0, "num_branches": 14, "num_partial_branches": 3, "covered_branches": 11, "missing_branches": 3}, "missing_lines": [80, 84, 90, 91, 92, 217, 280], "excluded_lines": [], "executed_branches": [[216, 218], [218, 221], [218, 229], [221, 222], [221, 228], [229, 230], [229, 232], [279, 282], [472, 473], [472, 476], [515, 516]], "missing_branches": [[216, 217], [279, 280], [515, 519]], "functions": {"SimpleGraph.single_edge_dict": {"executed_lines": [54], "summary": {"covered_lines": 1, "num_statements": 1, "percent_covered": 100.0, "percent_covered_display": "100", "missing_lines": 0, "excluded_lines": 0, "num_branches": 0, "num_partial_branches": 0, "covered_branches": 0, "missing_branches": 0}, "missing_lines": [], "excluded_lines": [], "executed_branches": [], "missing_branches": []}, "TinyGraph.cheat_node_dict": {"executed_lines": [], "summary": {"covered_lines": 0, "num_statements": 1, "percent_covered": 0.0, "percent_covered_display": "0", "missing_lines": 1, "excluded_lines": 0, "num_branches": 0, "num_partial_branches": 0, "covered_branches": 0, "missing_branches": 0}, "missing_lines": [80], "excluded_lines": [], "executed_branches": [], "missing_branches": []}, "TinyGraph.cheat_adjlist_outer_dict": {"executed_lines": [], "summary": {"covered_lines": 0, "num_statements": 1, "percent_covered": 0.0, "percent_covered_display": "0", "missing_lines": 1, "excluded_lines": 0, "num_branches": 0, "num_partial_branches": 0, "covered_branches": 0, "missing_branches": 0}, "missing_lines": [84], "excluded_lines": [], "executed_branches": [], "missing_branches": []}, "TinyGraph.init_nodes": {"executed_lines": [], "summary": {"covered_lines": 0, "num_statements": 3, "percent_covered": 0.0, "percent_covered_display": "0", "missing_lines": 3, "excluded_lines": 0, "num_branches": 0, "num_partial_branches": 0, "covered_branches": 0, "missing_branches": 0}, "missing_lines": [90, 91, 92], "excluded_lines": [], "executed_branches": [], "missing_branches": []}, "Netlist.__init__": {"executed_lines": [147, 148, 149, 151, 152, 154, 157, 158, 170], "summary": {"covered_lines": 9, "num_statements": 9, "percent_covered": 100.0, "percent_covered_display": "100", "missing_lines": 0, "excluded_lines": 0, "num_branches": 0, "num_partial_branches": 0, "covered_branches": 0, "missing_branches": 0}, "missing_lines": [], "excluded_lines": [], "executed_branches": [], "missing_branches": []}, "Netlist.number_of_modules": {"executed_lines": [178], "summary": {"covered_lines": 1, "num_statements": 1, "percent_covered": 100.0, "percent_covered_display": "100", "missing_lines": 0, "excluded_lines": 0, "num_branches": 0, "num_partial_branches": 0, "covered_branches": 0, "missing_branches": 0}, "missing_lines": [], "excluded_lines": [], "executed_branches": [], "missing_branches": []}, "Netlist.number_of_nets": {"executed_lines": [185], "summary": {"covered_lines": 1, "num_statements": 1, "percent_covered": 100.0, "percent_covered_display": "100", "missing_lines": 0, "excluded_lines": 0, "num_branches": 0, "num_partial_branches": 0, "covered_branches": 0, "missing_branches": 0}, "missing_lines": [], "excluded_lines": [], "executed_branches": [], "missing_branches": []}, "Netlist.number_of_nodes": {"executed_lines": [192], "summary": {"covered_lines": 1, "num_statements": 1, "percent_covered": 100.0, "percent_covered_display": "100", "missing_lines": 0, "excluded_lines": 0, "num_branches": 0, "num_partial_branches": 0, "covered_branches": 0, "missing_branches": 0}, "missing_lines": [], "excluded_lines": [], "executed_branches": [], "missing_branches": []}, "Netlist.number_of_pins": {"executed_lines": [199], "summary": {"covered_lines": 1, "num_statements": 1, "percent_covered": 100.0, "percent_covered_display": "100", "missing_lines": 0, "excluded_lines": 0, "num_branches": 0, "num_partial_branches": 0, "covered_branches": 0, "missing_branches": 0}, "missing_lines": [], "excluded_lines": [], "executed_branches": [], "missing_branches": []}, "Netlist.get_max_degree": {"executed_lines": [206], "summary": {"covered_lines": 1, "num_statements": 1, "percent_covered": 100.0, "percent_covered_display": "100", "missing_lines": 0, "excluded_lines": 0, "num_branches": 0, "num_partial_branches": 0, "covered_branches": 0, "missing_branches": 0}, "missing_lines": [], "excluded_lines": [], "executed_branches": [], "missing_branches": []}, "Netlist.get_module_weight": {"executed_lines": [216, 218, 221, 222, 223, 228, 229, 230, 232], "summary": {"covered_lines": 9, "num_statements": 10, "percent_covered": 88.88888888888889, "percent_covered_display": "89", "missing_lines": 1, "excluded_lines": 0, "num_branches": 8, "num_partial_branches": 1, "covered_branches": 7, "missing_branches": 1}, "missing_lines": [217], "excluded_lines": [], "executed_branches": [[216, 218], [218, 221], [218, 229], [221, 222], [221, 228], [229, 230], [229, 232]], "missing_branches": [[216, 217]]}, "Netlist.get_net_weight": {"executed_lines": [256], "summary": {"covered_lines": 1, "num_statements": 1, "percent_covered": 100.0, "percent_covered_display": "100", "missing_lines": 0, "excluded_lines": 0, "num_branches": 0, "num_partial_branches": 0, "covered_branches": 0, "missing_branches": 0}, "missing_lines": [], "excluded_lines": [], "executed_branches": [], "missing_branches": []}, "Netlist.__iter__": {"executed_lines": [263], "summary": {"covered_lines": 1, "num_statements": 1, "percent_covered": 100.0, "percent_covered_display": "100", "missing_lines": 0, "excluded_lines": 0, "num_branches": 0, "num_partial_branches": 0, "covered_branches": 0, "missing_branches": 0}, "missing_lines": [], "excluded_lines": [], "executed_branches": [], "missing_branches": []}, "read_json": {"executed_lines": [275, 276, 279, 282, 283, 284, 285, 286, 289, 293], "summary": {"covered_lines": 10, "num_statements": 11, "percent_covered": 84.61538461538461, "percent_covered_display": "85", "missing_lines": 1, "excluded_lines": 0, "num_branches": 2, "num_partial_branches": 1, "covered_branches": 1, "missing_branches": 1}, "missing_lines": [280], "excluded_lines": [], "executed_branches": [[279, 282]], "missing_branches": [[279, 280]]}, "create_inverter": {"executed_lines": [297, 298, 299, 300, 301, 303, 311, 312, 313, 314, 315, 316, 317, 318], "summary": {"covered_lines": 14, "num_statements": 14, "percent_covered": 100.0, "percent_covered_display": "100", "missing_lines": 0, "excluded_lines": 0, "num_branches": 0, "num_partial_branches": 0, "covered_branches": 0, "missing_branches": 0}, "missing_lines": [], "excluded_lines": [], "executed_branches": [], "missing_branches": []}, "create_inverter2": {"executed_lines": [322, 323, 324, 325, 326, 328, 336, 337, 338, 339, 340, 341, 342, 343], "summary": {"covered_lines": 14, "num_statements": 14, "percent_covered": 100.0, "percent_covered_display": "100", "missing_lines": 0, "excluded_lines": 0, "num_branches": 0, "num_partial_branches": 0, "covered_branches": 0, "missing_branches": 0}, "missing_lines": [], "excluded_lines": [], "executed_branches": [], "missing_branches": []}, "create_drawf": {"executed_lines": [354, 355, 372, 381, 384, 386, 404, 405, 406, 407, 408, 409, 410, 411], "summary": {"covered_lines": 14, "num_statements": 14, "percent_covered": 100.0, "percent_covered_display": "100", "missing_lines": 0, "excluded_lines": 0, "num_branches": 0, "num_partial_branches": 0, "covered_branches": 0, "missing_branches": 0}, "missing_lines": [], "excluded_lines": [], "executed_branches": [], "missing_branches": []}, "create_test_netlist": {"executed_lines": [420, 421, 423, 424, 435, 436, 437, 439, 441, 443, 444, 445, 446], "summary": {"covered_lines": 13, "num_statements": 13, "percent_covered": 100.0, "percent_covered_display": "100", "missing_lines": 0, "excluded_lines": 0, "num_branches": 0, "num_partial_branches": 0, "covered_branches": 0, "missing_branches": 0}, "missing_lines": [], "excluded_lines": [], "executed_branches": [], "missing_branches": []}, "vdc": {"executed_lines": [471, 472, 473, 474, 475, 476], "summary": {"covered_lines": 6, "num_statements": 6, "percent_covered": 100.0, "percent_covered_display": "100", "missing_lines": 0, "excluded_lines": 0, "num_branches": 2, "num_partial_branches": 0, "covered_branches": 2, "missing_branches": 0}, "missing_lines": [], "excluded_lines": [], "executed_branches": [[472, 473], [472, 476]], "missing_branches": []}, "vdcorput": {"executed_lines": [495], "summary": {"covered_lines": 1, "num_statements": 1, "percent_covered": 100.0, "percent_covered_display": "100", "missing_lines": 0, "excluded_lines": 0, "num_branches": 0, "num_partial_branches": 0, "covered_branches": 0, "missing_branches": 0}, "missing_lines": [], "excluded_lines": [], "executed_branches": [], "missing_branches": []}, "form_graph": {"executed_lines": [515, 516, 519, 521], "summary": {"covered_lines": 4, "num_statements": 4, "percent_covered": 83.33333333333333, "percent_covered_display": "83", "missing_lines": 0, "excluded_lines": 0, "num_branches": 2, "num_partial_branches": 1, "covered_branches": 1, "missing_branches": 1}, "missing_lines": [], "excluded_lines": [], "executed_branches": [[515, 516]], "missing_branches": [[515, 519]]}, "create_random_hgraph": {"executed_lines": [525, 526, 527, 528, 529, 530, 531, 533, 534, 535, 536, 537, 540], "summary": {"covered_lines": 13, "num_statements": 13, "percent_covered": 100.0, "percent_covered_display": "100", "missing_lines": 0, "excluded_lines": 0, "num_branches": 0, "num_partial_branches": 0, "covered_branches": 0, "missing_branches": 0}, "missing_lines": [], "excluded_lines": [], "executed_branches": [], "missing_branches": []}, "": {"executed_lines": [1, 23, 24, 25, 27, 28, 29, 30, 31, 35, 36, 50, 52, 56, 57, 62, 63, 76, 78, 82, 86, 87, 89, 111, 112, 113, 115, 173, 180, 187, 194, 201, 208, 246, 258, 266, 296, 321, 346, 414, 449, 479, 498, 524], "summary": {"covered_lines": 41, "num_statements": 41, "percent_covered": 100.0, "percent_covered_display": "100", "missing_lines": 0, "excluded_lines": 0, "num_branches": 0, "num_partial_branches": 0, "covered_branches": 0, "missing_branches": 0}, "missing_lines": [], "excluded_lines": [], "executed_branches": [], "missing_branches": []}}, "classes": {"SimpleGraph": {"executed_lines": [54], "summary": {"covered_lines": 1, "num_statements": 1, "percent_covered": 100.0, "percent_covered_display": "100", "missing_lines": 0, "excluded_lines": 0, "num_branches": 0, "num_partial_branches": 0, "covered_branches": 0, "missing_branches": 0}, "missing_lines": [], "excluded_lines": [], "executed_branches": [], "missing_branches": []}, "TinyGraph": {"executed_lines": [], "summary": {"covered_lines": 0, "num_statements": 5, "percent_covered": 0.0, "percent_covered_display": "0", "missing_lines": 5, "excluded_lines": 0, "num_branches": 0, "num_partial_branches": 0, "covered_branches": 0, "missing_branches": 0}, "missing_lines": [80, 84, 90, 91, 92], "excluded_lines": [], "executed_branches": [], "missing_branches": []}, "Netlist": {"executed_lines": [147, 148, 149, 151, 152, 154, 157, 158, 170, 178, 185, 192, 199, 206, 216, 218, 221, 222, 223, 228, 229, 230, 232, 256, 263], "summary": {"covered_lines": 25, "num_statements": 26, "percent_covered": 94.11764705882354, "percent_covered_display": "94", "missing_lines": 1, "excluded_lines": 0, "num_branches": 8, "num_partial_branches": 1, "covered_branches": 7, "missing_branches": 1}, "missing_lines": [217], "excluded_lines": [], "executed_branches": [[216, 218], [218, 221], [218, 229], [221, 222], [221, 228], [229, 230], [229, 232]], "missing_branches": [[216, 217]]}, "": {"executed_lines": [1, 23, 24, 25, 27, 28, 29, 30, 31, 35, 36, 50, 52, 56, 57, 62, 63, 76, 78, 82, 86, 87, 89, 111, 112, 113, 115, 173, 180, 187, 194, 201, 208, 246, 258, 266, 275, 276, 279, 282, 283, 284, 285, 286, 289, 293, 296, 297, 298, 299, 300, 301, 303, 311, 312, 313, 314, 315, 316, 317, 318, 321, 322, 323, 324, 325, 326, 328, 336, 337, 338, 339, 340, 341, 342, 343, 346, 354, 355, 372, 381, 384, 386, 404, 405, 406, 407, 408, 409, 410, 411, 414, 420, 421, 423, 424, 435, 436, 437, 439, 441, 443, 444, 445, 446, 449, 471, 472, 473, 474, 475, 476, 479, 495, 498, 515, 516, 519, 521, 524, 525, 526, 527, 528, 529, 530, 531, 533, 534, 535, 536, 537, 540], "summary": {"covered_lines": 130, "num_statements": 131, "percent_covered": 97.81021897810218, "percent_covered_display": "98", "missing_lines": 1, "excluded_lines": 0, "num_branches": 6, "num_partial_branches": 2, "covered_branches": 4, "missing_branches": 2}, "missing_lines": [280], "excluded_lines": [], "executed_branches": [[279, 282], [472, 473], [472, 476], [515, 516]], "missing_branches": [[279, 280], [515, 519]]}}}, "src/netlistx/netlist_algo.py": {"executed_lines": [1, 36, 37, 39, 42, 112, 113, 114, 115, 117, 118, 119, 121, 122, 124, 125, 127, 128, 129, 130, 131, 133, 134, 135, 136, 137, 138, 139, 140, 143, 144, 145, 146, 147, 148, 156, 157], "summary": {"covered_lines": 36, "num_statements": 42, "percent_covered": 82.3529411764706, "percent_covered_display": "82", "missing_lines": 6, "excluded_lines": 0, "num_branches": 26, "num_partial_branches": 2, "covered_branches": 20, "missing_branches": 6}, "missing_lines": [141, 142, 149, 150, 151, 154], "excluded_lines": [], "executed_branches": [[112, 113], [112, 114], [114, 115], [114, 117], [118, -117], [118, 119], [128, 129], [128, 156], [129, 130], [129, 131], [131, 133], [131, 134], [136, 137], [136, 143], [137, 136], [137, 138], [138, 139], [138, 140], [140, 137], [147, 148]], "missing_branches": [[140, 141], [147, 149], [150, 128], [150, 151], [151, 150], [151, 154]], "functions": {"min_maximal_matching": {"executed_lines": [112, 113, 114, 115, 117, 121, 124, 125, 127, 128, 129, 130, 131, 133, 134, 135, 136, 137, 138, 139, 140, 143, 144, 145, 146, 147, 148, 156, 157], "summary": {"covered_lines": 29, "num_statements": 35, "percent_covered": 79.66101694915254, "percent_covered_display": "80", "missing_lines": 6, "excluded_lines": 0, "num_branches": 24, "num_partial_branches": 2, "covered_branches": 18, "missing_branches": 6}, "missing_lines": [141, 142, 149, 150, 151, 154], "excluded_lines": [], "executed_branches": [[112, 113], [112, 114], [114, 115], [114, 117], [128, 129], [128, 156], [129, 130], [129, 131], [131, 133], [131, 134], [136, 137], [136, 143], [137, 136], [137, 138], [138, 139], [138, 140], [140, 137], [147, 148]], "missing_branches": [[140, 141], [147, 149], [150, 128], [150, 151], [151, 150], [151, 154]]}, "min_maximal_matching.cover": {"executed_lines": [118, 119], "summary": {"covered_lines": 2, "num_statements": 2, "percent_covered": 100.0, "percent_covered_display": "100", "missing_lines": 0, "excluded_lines": 0, "num_branches": 2, "num_partial_branches": 0, "covered_branches": 2, "missing_branches": 0}, "missing_lines": [], "excluded_lines": [], "executed_branches": [[118, -117], [118, 119]], "missing_branches": []}, "min_maximal_matching.any_of_dep": {"executed_lines": [122], "summary": {"covered_lines": 1, "num_statements": 1, "percent_covered": 100.0, "percent_covered_display": "100", "missing_lines": 0, "excluded_lines": 0, "num_branches": 0, "num_partial_branches": 0, "covered_branches": 0, "missing_branches": 0}, "missing_lines": [], "excluded_lines": [], "executed_branches": [], "missing_branches": []}, "": {"executed_lines": [1, 36, 37, 39, 42], "summary": {"covered_lines": 4, "num_statements": 4, "percent_covered": 100.0, "percent_covered_display": "100", "missing_lines": 0, "excluded_lines": 0, "num_branches": 0, "num_partial_branches": 0, "covered_branches": 0, "missing_branches": 0}, "missing_lines": [], "excluded_lines": [], "executed_branches": [], "missing_branches": []}}, "classes": {"": {"executed_lines": [1, 36, 37, 39, 42, 112, 113, 114, 115, 117, 118, 119, 121, 122, 124, 125, 127, 128, 129, 130, 131, 133, 134, 135, 136, 137, 138, 139, 140, 143, 144, 145, 146, 147, 148, 156, 157], "summary": {"covered_lines": 36, "num_statements": 42, "percent_covered": 82.3529411764706, "percent_covered_display": "82", "missing_lines": 6, "excluded_lines": 0, "num_branches": 26, "num_partial_branches": 2, "covered_branches": 20, "missing_branches": 6}, "missing_lines": [141, 142, 149, 150, 151, 154], "excluded_lines": [], "executed_branches": [[112, 113], [112, 114], [114, 115], [114, 117], [118, -117], [118, 119], [128, 129], [128, 156], [129, 130], [129, 131], [131, 133], [131, 134], [136, 137], [136, 143], [137, 136], [137, 138], [138, 139], [138, 140], [140, 137], [147, 148]], "missing_branches": [[140, 141], [147, 149], [150, 128], [150, 151], [151, 150], [151, 154]]}}}, "src/netlistx/skeleton.py": {"executed_lines": [1, 23, 24, 25, 26, 28, 30, 31, 32, 34, 44, 53, 54, 55, 56, 57, 66, 76, 77, 82, 83, 91, 99, 102, 108, 109, 117, 127, 128, 129, 130, 131, 134, 139, 142, 153], "summary": {"covered_lines": 33, "num_statements": 33, "percent_covered": 100.0, "percent_covered_display": "100", "missing_lines": 0, "excluded_lines": 2, "num_branches": 2, "num_partial_branches": 0, "covered_branches": 2, "missing_branches": 0}, "missing_lines": [], "excluded_lines": [142, 153], "executed_branches": [[55, 56], [55, 57]], "missing_branches": [], "functions": {"fib": {"executed_lines": [53, 54, 55, 56, 57], "summary": {"covered_lines": 5, "num_statements": 5, "percent_covered": 100.0, "percent_covered_display": "100", "missing_lines": 0, "excluded_lines": 0, "num_branches": 2, "num_partial_branches": 0, "covered_branches": 2, "missing_branches": 0}, "missing_lines": [], "excluded_lines": [], "executed_branches": [[55, 56], [55, 57]], "missing_branches": []}, "parse_args": {"executed_lines": [76, 77, 82, 83, 91, 99], "summary": {"covered_lines": 6, "num_statements": 6, "percent_covered": 100.0, "percent_covered_display": "100", "missing_lines": 0, "excluded_lines": 0, "num_branches": 0, "num_partial_branches": 0, "covered_branches": 0, "missing_branches": 0}, "missing_lines": [], "excluded_lines": [], "executed_branches": [], "missing_branches": []}, "setup_logging": {"executed_lines": [108, 109], "summary": {"covered_lines": 2, "num_statements": 2, "percent_covered": 100.0, "percent_covered_display": "100", "missing_lines": 0, "excluded_lines": 0, "num_branches": 0, "num_partial_branches": 0, "covered_branches": 0, "missing_branches": 0}, "missing_lines": [], "excluded_lines": [], "executed_branches": [], "missing_branches": []}, "main": {"executed_lines": [127, 128, 129, 130, 131], "summary": {"covered_lines": 5, "num_statements": 5, "percent_covered": 100.0, "percent_covered_display": "100", "missing_lines": 0, "excluded_lines": 0, "num_branches": 0, "num_partial_branches": 0, "covered_branches": 0, "missing_branches": 0}, "missing_lines": [], "excluded_lines": [], "executed_branches": [], "missing_branches": []}, "run": {"executed_lines": [139], "summary": {"covered_lines": 1, "num_statements": 1, "percent_covered": 100.0, "percent_covered_display": "100", "missing_lines": 0, "excluded_lines": 0, "num_branches": 0, "num_partial_branches": 0, "covered_branches": 0, "missing_branches": 0}, "missing_lines": [], "excluded_lines": [], "executed_branches": [], "missing_branches": []}, "": {"executed_lines": [1, 23, 24, 25, 26, 28, 30, 31, 32, 34, 44, 66, 102, 117, 134, 142, 153], "summary": {"covered_lines": 14, "num_statements": 14, "percent_covered": 100.0, "percent_covered_display": "100", "missing_lines": 0, "excluded_lines": 2, "num_branches": 0, "num_partial_branches": 0, "covered_branches": 0, "missing_branches": 0}, "missing_lines": [], "excluded_lines": [142, 153], "executed_branches": [], "missing_branches": []}}, "classes": {"": {"executed_lines": [1, 23, 24, 25, 26, 28, 30, 31, 32, 34, 44, 53, 54, 55, 56, 57, 66, 76, 77, 82, 83, 91, 99, 102, 108, 109, 117, 127, 128, 129, 130, 131, 134, 139, 142, 153], "summary": {"covered_lines": 33, "num_statements": 33, "percent_covered": 100.0, "percent_covered_display": "100", "missing_lines": 0, "excluded_lines": 2, "num_branches": 2, "num_partial_branches": 0, "covered_branches": 2, "missing_branches": 0}, "missing_lines": [], "excluded_lines": [142, 153], "executed_branches": [[55, 56], [55, 57]], "missing_branches": []}}}}, "totals": {"covered_lines": 499, "num_statements": 528, "percent_covered": 92.17877094972067, "percent_covered_display": "92", "missing_lines": 29, "excluded_lines": 6, "num_branches": 188, "num_partial_branches": 17, "covered_branches": 161, "missing_branches": 27}}